{
  "stats": {
    "suites": 3,
    "tests": 10,
    "passes": 10,
    "pending": 0,
    "failures": 0,
    "start": "2024-10-06T09:44:09.304Z",
    "end": "2024-10-06T09:45:35.252Z",
    "duration": 85948,
    "testsRegistered": 10,
    "passPercent": 100,
    "pendingPercent": 0,
    "other": 0,
    "hasOther": false,
    "skipped": 0,
    "hasSkipped": false
  },
  "results": [
    {
      "uuid": "03a68a36-4f94-4b48-ac5d-d3f8d1fcc199",
      "title": "",
      "fullFile": "cypress\\Integration\\end_to_end.js",
      "file": "cypress\\Integration\\end_to_end.js",
      "beforeHooks": [],
      "afterHooks": [],
      "tests": [],
      "suites": [
        {
          "uuid": "c249534f-9bc7-4701-a1c2-64aee9259dca",
          "title": "register an account and check product comparison",
          "fullFile": "",
          "file": "",
          "beforeHooks": [],
          "afterHooks": [],
          "tests": [
            {
              "title": "Verify Product Comparison Button on newly created account",
              "fullTitle": "register an account and check product comparison Verify Product Comparison Button on newly created account",
              "timedOut": null,
              "duration": 12127,
              "state": "passed",
              "speed": "slow",
              "pass": true,
              "fail": false,
              "pending": false,
              "context": null,
              "code": "sh.type('HP LP3065'); // type a available product in the search textbox field \nsh.clickSearch(); // click on the search icon\ncp.clickCPButton(); // after displaying the product click on the product comparison button\ncp.cp_linkShould_visible(); // asserting the added product to comparison message\ncp.clickComparisonLink(); // click on the comparison link\ncp.compare_page_visible(); // poduct comaparison page should be visible to the user\ncp.itemName_should_visible('HP LP3065'); // verifying the selected product is displayed under product comparison",
              "err": {},
              "uuid": "96a3abb1-e23d-441c-9b94-dc6e25ceb7e1",
              "parentUUID": "c249534f-9bc7-4701-a1c2-64aee9259dca",
              "isHook": false,
              "skipped": false
            }
          ],
          "suites": [],
          "passes": [
            "96a3abb1-e23d-441c-9b94-dc6e25ceb7e1"
          ],
          "failures": [],
          "pending": [],
          "skipped": [],
          "duration": 12127,
          "root": false,
          "rootEmpty": false,
          "_timeout": 2000
        },
        {
          "uuid": "c489d789-43e9-457b-8d80-d9b0ab70469b",
          "title": "product compare functionality testing on existing account",
          "fullFile": "",
          "file": "",
          "beforeHooks": [],
          "afterHooks": [],
          "tests": [
            {
              "title": "Verify \"Add to Cart\" and \"Remove\" Buttons After Adding Product to Comparison",
              "fullTitle": "product compare functionality testing on existing account Verify \"Add to Cart\" and \"Remove\" Buttons After Adding Product to Comparison",
              "timedOut": null,
              "duration": 4955,
              "state": "passed",
              "speed": "fast",
              "pass": true,
              "fail": false,
              "pending": false,
              "context": null,
              "code": "sh.type(data.product1); // enter the product data from fixture file \nsh.clickSearch(); // click on search button\ncp.clickCPButton(); // click on the comapare product button\ncp.cp_linkShould_visible(); // verify product comparison link should be visible\ncp.clickComparisonLink(); //  click on the link\ncp.compare_page_visible(); // comparison page should be visible\ncp.itemName_should_visible(data.product1); // assert the product is visible and added to the comparison table\ncp.addToCart_should_visible(); // assert the add to cart button is visible\ncp.remove_should_visible(); // asser the remove button is visible",
              "err": {},
              "uuid": "af737642-1c5b-480f-a453-e54fa40a4f64",
              "parentUUID": "c489d789-43e9-457b-8d80-d9b0ab70469b",
              "isHook": false,
              "skipped": false
            },
            {
              "title": "Verify Adding Multiple Products to the Comparison",
              "fullTitle": "product compare functionality testing on existing account Verify Adding Multiple Products to the Comparison",
              "timedOut": null,
              "duration": 5168,
              "state": "passed",
              "speed": "medium",
              "pass": true,
              "fail": false,
              "pending": false,
              "context": null,
              "code": "sh.type(data.product1);\nsh.clickSearch();\ncp.clickCPButton();\nsh.type(data.product2);\nsh.clickSearch();\ncp.clickCPButton();\ncp.clickComparisonLink();\n// verify that multiple product is visible to the user in the comparison table\ncp.itemName_should_visible(data.product1);\ncp.itemName_should_visible(data.product2);",
              "err": {},
              "uuid": "cbc1d0d6-a03d-484b-b262-5baeaf5598b1",
              "parentUUID": "c489d789-43e9-457b-8d80-d9b0ab70469b",
              "isHook": false,
              "skipped": false
            },
            {
              "title": "Verify Removing a Product from the Comparison",
              "fullTitle": "product compare functionality testing on existing account Verify Removing a Product from the Comparison",
              "timedOut": null,
              "duration": 5489,
              "state": "passed",
              "speed": "medium",
              "pass": true,
              "fail": false,
              "pending": false,
              "context": null,
              "code": "sh.type(data.product1);\nsh.clickSearch();\ncp.clickCPButton();\nsh.type(data.product2);\nsh.clickSearch();\ncp.clickCPButton();\ncp.clickComparisonLink();\ncp.compare_page_visible();\n// remove one item from the comparison product table\ncp.clickRemove();\n// verifying that removed product is no more visible to the user\ncp.itemName_should_not_visible(data.product1);",
              "err": {},
              "uuid": "1e8b72e7-c42f-4061-90b9-b08ef903c261",
              "parentUUID": "c489d789-43e9-457b-8d80-d9b0ab70469b",
              "isHook": false,
              "skipped": false
            },
            {
              "title": " Verify Comparison List is Empty After Removing All Products",
              "fullTitle": "product compare functionality testing on existing account  Verify Comparison List is Empty After Removing All Products",
              "timedOut": null,
              "duration": 7553,
              "state": "passed",
              "speed": "medium",
              "pass": true,
              "fail": false,
              "pending": false,
              "context": null,
              "code": "sh.type(data.product1);\nsh.clickSearch();\ncp.clickCPButton();\nsh.type(data.product2);\nsh.clickSearch();\ncp.clickCPButton();\ncp.clickComparisonLink();\ncp.compare_page_visible();\ncp.clickRemove();\ncp.clickRemove();\ncy.contains('You have not chosen any products to compare.').should('be.visible');",
              "err": {},
              "uuid": "6ccc0377-9dfa-41f3-b7d3-d57b02d0837a",
              "parentUUID": "c489d789-43e9-457b-8d80-d9b0ab70469b",
              "isHook": false,
              "skipped": false
            },
            {
              "title": "verify after adding 4 product,when 5th product is added, 1st product is getting removed from the comparison list",
              "fullTitle": "product compare functionality testing on existing account verify after adding 4 product,when 5th product is added, 1st product is getting removed from the comparison list",
              "timedOut": null,
              "duration": 10840,
              "state": "passed",
              "speed": "slow",
              "pass": true,
              "fail": false,
              "pending": false,
              "context": null,
              "code": "sh.type(data.product1);\nsh.clickSearch();\ncp.clickCPButton();\nsh.type(data.product2);\nsh.clickSearch();\ncp.clickCPButton();\nsh.type(data.product3);\nsh.clickSearch();\ncp.clickCPButton();\nsh.type(data.product4); //  4 different product has been added to the comparison table\nsh.clickSearch();\ncp.clickCPButton();\nsh.type(data.product5); // add a 5th product to the table \nsh.clickSearch();\ncp.clickCPButton();\ncp.clickComparisonLink(); // click on the comaparison link \n// verify that the product which was added for the 1st time is no more visible to the user\ncp.itemName_should_not_visible(data.product1);",
              "err": {},
              "uuid": "db7748ec-5f7f-4e23-82c9-fcc29243032e",
              "parentUUID": "c489d789-43e9-457b-8d80-d9b0ab70469b",
              "isHook": false,
              "skipped": false
            },
            {
              "title": "verify duplicate product addition to comparison",
              "fullTitle": "product compare functionality testing on existing account verify duplicate product addition to comparison",
              "timedOut": null,
              "duration": 5706,
              "state": "passed",
              "speed": "medium",
              "pass": true,
              "fail": false,
              "pending": false,
              "context": null,
              "code": "sh.type(data.product1);\nsh.clickSearch();\ncp.clickCPButton();\nsh.type(data.product1);\nsh.clickSearch();\ncp.clickCPButton(); // this will complete the process of adding duplicate items to the comparison table\ncp.clickComparisonLink();\n// verify that the table displaying the item for one time.\ncy.contains(data.product1).should('have.length', 1);",
              "err": {},
              "uuid": "14b6ff39-949d-4808-9ea1-a9d59910ef21",
              "parentUUID": "c489d789-43e9-457b-8d80-d9b0ab70469b",
              "isHook": false,
              "skipped": false
            },
            {
              "title": "Verify Display of Product Attributes on Comparison Page",
              "fullTitle": "product compare functionality testing on existing account Verify Display of Product Attributes on Comparison Page",
              "timedOut": null,
              "duration": 5644,
              "state": "passed",
              "speed": "medium",
              "pass": true,
              "fail": false,
              "pending": false,
              "context": null,
              "code": "sh.type(data.product1);\nsh.clickSearch();\ncp.clickCPButton();\nsh.type(data.product2);\nsh.clickSearch();\ncp.clickCPButton();\ncp.clickComparisonLink();\n// itrarting thorough the comparison table\ncy.get('.table.table-bordered').within(() => {\n  // asserting that multiple product is displaying inside the table\n  cy.contains(data.product1).should('exist');\n  cy.contains(data.product2).should('exist');\n  // verifying three atrributes to have correct details\n  cy.contains('Price').next().should('contain.text', '$122.00');\n  cy.contains('Model').next().should('contain.text', 'Product 21');\n  cy.contains('Brand').next().should('contain.text', 'Hewlett-Packard');\n  // verifying the same attributes having correct details and showing side by side for the better viewingment of the user\n  cy.contains('Price').next().next().should('contain.text', '$123.20');\n  cy.contains('Model').next().next().should('contain.text', 'product 11');\n  cy.contains('Brand').next().next().should('contain.text', 'Apple');\n});",
              "err": {},
              "uuid": "fb86075a-a77d-457b-809c-059c08824f2a",
              "parentUUID": "c489d789-43e9-457b-8d80-d9b0ab70469b",
              "isHook": false,
              "skipped": false
            },
            {
              "title": "Verify Comparison After Page Refresh",
              "fullTitle": "product compare functionality testing on existing account Verify Comparison After Page Refresh",
              "timedOut": null,
              "duration": 6425,
              "state": "passed",
              "speed": "medium",
              "pass": true,
              "fail": false,
              "pending": false,
              "context": null,
              "code": "sh.type(data.product1);\nsh.clickSearch();\ncp.clickCPButton();\nsh.type(data.product2);\nsh.clickSearch();\ncp.clickCPButton();\ncp.clickComparisonLink();\n// refreshing the web page\ncy.reload();\n// verifying the comparison product details remain intact after refresing the web page\ncy.contains(data.product1).should('exist');\ncy.contains(data.product2).should('exist');",
              "err": {},
              "uuid": "21ecb68e-559c-4fbf-a009-50066fdbb913",
              "parentUUID": "c489d789-43e9-457b-8d80-d9b0ab70469b",
              "isHook": false,
              "skipped": false
            }
          ],
          "suites": [],
          "passes": [
            "af737642-1c5b-480f-a453-e54fa40a4f64",
            "cbc1d0d6-a03d-484b-b262-5baeaf5598b1",
            "1e8b72e7-c42f-4061-90b9-b08ef903c261",
            "6ccc0377-9dfa-41f3-b7d3-d57b02d0837a",
            "db7748ec-5f7f-4e23-82c9-fcc29243032e",
            "14b6ff39-949d-4808-9ea1-a9d59910ef21",
            "fb86075a-a77d-457b-809c-059c08824f2a",
            "21ecb68e-559c-4fbf-a009-50066fdbb913"
          ],
          "failures": [],
          "pending": [],
          "skipped": [],
          "duration": 51780,
          "root": false,
          "rootEmpty": false,
          "_timeout": 2000
        },
        {
          "uuid": "316b75d3-1d3f-440c-91bc-79d17de5c480",
          "title": " Testing the product comapare functionlity for the guest user",
          "fullFile": "",
          "file": "",
          "beforeHooks": [],
          "afterHooks": [],
          "tests": [
            {
              "title": "adding , removing, and  add to cart from product comapare page without login or register",
              "fullTitle": " Testing the product comapare functionlity for the guest user adding , removing, and  add to cart from product comapare page without login or register",
              "timedOut": null,
              "duration": 6147,
              "state": "passed",
              "speed": "medium",
              "pass": true,
              "fail": false,
              "pending": false,
              "context": null,
              "code": "// launch the website on the browser\nhp.visit();\n// add multiple items to the copmare product\nhp.compareButtonAppleCinema();\nhp.compareButtonCanon();\n// assert the success message and the link should visible \ncp.cp_linkShould_visible();\n//click on the comparison link\ncp.clickComparisonLink();\n// verify that product comparison page is opening for the guest user\ncp.compare_page_visible();\n// remove items from the list as a guest user\ncp.clickRemove();\ncy.wait(2000);\n// add the product to cart this will take us to the product result page\ncp.ClickAddToCart();\ncy.wait(2000);\n// verify that the description of the product  is visible to the user \ncy.contains('Description').should('be.visible');",
              "err": {},
              "uuid": "b31e6675-63a0-440e-87c5-445c8073b88f",
              "parentUUID": "316b75d3-1d3f-440c-91bc-79d17de5c480",
              "isHook": false,
              "skipped": false
            }
          ],
          "suites": [],
          "passes": [
            "b31e6675-63a0-440e-87c5-445c8073b88f"
          ],
          "failures": [],
          "pending": [],
          "skipped": [],
          "duration": 6147,
          "root": false,
          "rootEmpty": false,
          "_timeout": 2000
        }
      ],
      "passes": [],
      "failures": [],
      "pending": [],
      "skipped": [],
      "duration": 0,
      "root": true,
      "rootEmpty": true,
      "_timeout": 2000
    }
  ],
  "meta": {
    "mocha": {
      "version": "7.0.1"
    },
    "mochawesome": {
      "options": {
        "quiet": false,
        "reportFilename": "mochawesome",
        "saveHtml": true,
        "saveJson": true,
        "consoleReporter": "spec",
        "useInlineDiffs": false,
        "code": true
      },
      "version": "7.1.3"
    },
    "marge": {
      "options": {
        "reportDir": "cypress/reports/mochawesome-report",
        "overwrite": false,
        "html": true,
        "json": true,
        "charts": true
      },
      "version": "6.2.0"
    }
  }
}