{
  "stats": {
    "suites": 3,
    "tests": 10,
    "passes": 10,
    "pending": 0,
    "failures": 0,
    "start": "2024-10-06T05:10:58.587Z",
    "end": "2024-10-06T05:12:18.075Z",
    "duration": 79488,
    "testsRegistered": 10,
    "passPercent": 100,
    "pendingPercent": 0,
    "other": 0,
    "hasOther": false,
    "skipped": 0,
    "hasSkipped": false
  },
  "results": [
    {
      "uuid": "2167dc09-f188-4e61-9db6-fbe63a3ae4e0",
      "title": "",
      "fullFile": "cypress\\Integration\\end_to_end.js",
      "file": "cypress\\Integration\\end_to_end.js",
      "beforeHooks": [],
      "afterHooks": [],
      "tests": [],
      "suites": [
        {
          "uuid": "88f3820d-7b84-4d4d-aed6-2a9c33031cc1",
          "title": "register an account and check product comparison",
          "fullFile": "",
          "file": "",
          "beforeHooks": [],
          "afterHooks": [],
          "tests": [
            {
              "title": "Verify Product Comparison Button on newly created account",
              "fullTitle": "register an account and check product comparison Verify Product Comparison Button on newly created account",
              "timedOut": null,
              "duration": 11153,
              "state": "passed",
              "speed": "slow",
              "pass": true,
              "fail": false,
              "pending": false,
              "context": null,
              "code": "sh.type('HP LP3065'); // type a available product in the search textbox field \nsh.clickSearch(); // click on the search icon\ncp.clickCPButton(); // after displaying the product click on the product comparison button\ncp.cp_linkShould_visible(); // asserting the added product to comparison message\ncp.clickComparisonLink(); // click on the comparison link\ncp.compare_page_visible(); // poduct comaparison page should be visible to the user\ncp.itemName_should_visible('HP LP3065'); // verifying the selected product is displayed under product comparison",
              "err": {},
              "uuid": "396061b8-4648-4631-927e-6094c64174eb",
              "parentUUID": "88f3820d-7b84-4d4d-aed6-2a9c33031cc1",
              "isHook": false,
              "skipped": false
            }
          ],
          "suites": [],
          "passes": [
            "396061b8-4648-4631-927e-6094c64174eb"
          ],
          "failures": [],
          "pending": [],
          "skipped": [],
          "duration": 11153,
          "root": false,
          "rootEmpty": false,
          "_timeout": 2000
        },
        {
          "uuid": "e94b9896-c5aa-4667-9394-dcfe4eee6d1d",
          "title": "product compare functionality testing on existing account",
          "fullFile": "",
          "file": "",
          "beforeHooks": [],
          "afterHooks": [],
          "tests": [
            {
              "title": "Verify \"Add to Cart\" and \"Remove\" Buttons After Adding Product to Comparison",
              "fullTitle": "product compare functionality testing on existing account Verify \"Add to Cart\" and \"Remove\" Buttons After Adding Product to Comparison",
              "timedOut": null,
              "duration": 3879,
              "state": "passed",
              "speed": "fast",
              "pass": true,
              "fail": false,
              "pending": false,
              "context": null,
              "code": "sh.type(data.product1); // enter the product data from fixture file \nsh.clickSearch(); // click on search button\ncp.clickCPButton(); // click on the comapare product button\ncp.cp_linkShould_visible(); // verify product comparison link should be visible\ncp.clickComparisonLink(); //  click on the link\ncp.compare_page_visible(); // comparison page should be visible\ncp.itemName_should_visible(data.product1); // assert the product is visible and added to the comparison table\ncp.addToCart_should_visible(); // assert the add to cart button is visible\ncp.remove_should_visible(); // asser the remove button is visible",
              "err": {},
              "uuid": "70c3ea83-7e18-4eba-ac22-117ead38290b",
              "parentUUID": "e94b9896-c5aa-4667-9394-dcfe4eee6d1d",
              "isHook": false,
              "skipped": false
            },
            {
              "title": "Verify Adding Multiple Products to the Comparison",
              "fullTitle": "product compare functionality testing on existing account Verify Adding Multiple Products to the Comparison",
              "timedOut": null,
              "duration": 4931,
              "state": "passed",
              "speed": "fast",
              "pass": true,
              "fail": false,
              "pending": false,
              "context": null,
              "code": "sh.type(data.product1);\nsh.clickSearch();\ncp.clickCPButton();\nsh.type(data.product2);\nsh.clickSearch();\ncp.clickCPButton();\ncp.clickComparisonLink();\n// verify that multiple product is visible to the user in the comparison table\ncp.itemName_should_visible(data.product1);\ncp.itemName_should_visible(data.product2);",
              "err": {},
              "uuid": "dbd79732-b414-4831-b386-15ef1e493f70",
              "parentUUID": "e94b9896-c5aa-4667-9394-dcfe4eee6d1d",
              "isHook": false,
              "skipped": false
            },
            {
              "title": "Verify Removing a Product from the Comparison",
              "fullTitle": "product compare functionality testing on existing account Verify Removing a Product from the Comparison",
              "timedOut": null,
              "duration": 6228,
              "state": "passed",
              "speed": "medium",
              "pass": true,
              "fail": false,
              "pending": false,
              "context": null,
              "code": "sh.type(data.product1);\nsh.clickSearch();\ncp.clickCPButton();\nsh.type(data.product2);\nsh.clickSearch();\ncp.clickCPButton();\ncp.clickComparisonLink();\ncp.compare_page_visible();\n// remove one item from the comparison product table\ncp.clickRemove();\n// verifying that removed product is no more visible to the user\ncp.itemName_should_not_visible(data.product1);",
              "err": {},
              "uuid": "465af0e1-7486-4c3f-ae8b-edadf6c44b3e",
              "parentUUID": "e94b9896-c5aa-4667-9394-dcfe4eee6d1d",
              "isHook": false,
              "skipped": false
            },
            {
              "title": " Verify Comparison List is Empty After Removing All Products",
              "fullTitle": "product compare functionality testing on existing account  Verify Comparison List is Empty After Removing All Products",
              "timedOut": null,
              "duration": 6355,
              "state": "passed",
              "speed": "medium",
              "pass": true,
              "fail": false,
              "pending": false,
              "context": null,
              "code": "sh.type(data.product1);\nsh.clickSearch();\ncp.clickCPButton();\nsh.type(data.product2);\nsh.clickSearch();\ncp.clickCPButton();\ncp.clickComparisonLink();\ncp.compare_page_visible();\ncp.clickRemove();\ncp.clickRemove();\ncy.contains('You have not chosen any products to compare.').should('be.visible');",
              "err": {},
              "uuid": "bb04d08f-d93a-4912-bea4-e7601bee2f2a",
              "parentUUID": "e94b9896-c5aa-4667-9394-dcfe4eee6d1d",
              "isHook": false,
              "skipped": false
            },
            {
              "title": "verify after adding 4 product,when 5th product is added, 1st product is getting removed from the comparison list",
              "fullTitle": "product compare functionality testing on existing account verify after adding 4 product,when 5th product is added, 1st product is getting removed from the comparison list",
              "timedOut": null,
              "duration": 8685,
              "state": "passed",
              "speed": "medium",
              "pass": true,
              "fail": false,
              "pending": false,
              "context": null,
              "code": "sh.type(data.product1);\nsh.clickSearch();\ncp.clickCPButton();\nsh.type(data.product2);\nsh.clickSearch();\ncp.clickCPButton();\nsh.type(data.product3);\nsh.clickSearch();\ncp.clickCPButton();\nsh.type(data.product4); //  4 different product has been added to the comparison table\nsh.clickSearch();\ncp.clickCPButton();\nsh.type(data.product5); // add a 5th product to the table \nsh.clickSearch();\ncp.clickCPButton();\ncp.clickComparisonLink(); // click on the comaparison link \n// verify that the product which was added for the 1st time is no more visible to the user\ncp.itemName_should_not_visible(data.product1);",
              "err": {},
              "uuid": "d8035581-f707-40a3-a305-7c1c61ad0f80",
              "parentUUID": "e94b9896-c5aa-4667-9394-dcfe4eee6d1d",
              "isHook": false,
              "skipped": false
            },
            {
              "title": "verify duplicate product addition to comparison",
              "fullTitle": "product compare functionality testing on existing account verify duplicate product addition to comparison",
              "timedOut": null,
              "duration": 4858,
              "state": "passed",
              "speed": "fast",
              "pass": true,
              "fail": false,
              "pending": false,
              "context": null,
              "code": "sh.type(data.product1);\nsh.clickSearch();\ncp.clickCPButton();\nsh.type(data.product1);\nsh.clickSearch();\ncp.clickCPButton(); // this will complete the process of adding duplicate items to the comparison table\ncp.clickComparisonLink();\n// verify that the table displaying the item for one time.\ncy.contains(data.product1).should('have.length', 1);",
              "err": {},
              "uuid": "2cfea9fd-9c95-46f6-b537-da09816c8078",
              "parentUUID": "e94b9896-c5aa-4667-9394-dcfe4eee6d1d",
              "isHook": false,
              "skipped": false
            },
            {
              "title": "Verify Display of Product Attributes on Comparison Page",
              "fullTitle": "product compare functionality testing on existing account Verify Display of Product Attributes on Comparison Page",
              "timedOut": null,
              "duration": 5381,
              "state": "passed",
              "speed": "medium",
              "pass": true,
              "fail": false,
              "pending": false,
              "context": null,
              "code": "sh.type(data.product1);\nsh.clickSearch();\ncp.clickCPButton();\nsh.type(data.product2);\nsh.clickSearch();\ncp.clickCPButton();\ncp.clickComparisonLink();\n// itrarting thorough the comparison table\ncy.get('.table.table-bordered').within(() => {\n  // asserting that multiple product is displaying inside the table\n  cy.contains(data.product1).should('exist');\n  cy.contains(data.product2).should('exist');\n  // verifying three atrributes to have correct details\n  cy.contains('Price').next().should('contain.text', '$122.00');\n  cy.contains('Model').next().should('contain.text', 'Product 21');\n  cy.contains('Brand').next().should('contain.text', 'Hewlett-Packard');\n  // verifying the same attributes having correct details and showing side by side for the better viewingment of the user\n  cy.contains('Price').next().next().should('contain.text', '$123.20');\n  cy.contains('Model').next().next().should('contain.text', 'product 11');\n  cy.contains('Brand').next().next().should('contain.text', 'Apple');\n});",
              "err": {},
              "uuid": "21733aa0-3890-487b-ace1-0ada432778c9",
              "parentUUID": "e94b9896-c5aa-4667-9394-dcfe4eee6d1d",
              "isHook": false,
              "skipped": false
            },
            {
              "title": "Verify Comparison After Page Refresh",
              "fullTitle": "product compare functionality testing on existing account Verify Comparison After Page Refresh",
              "timedOut": null,
              "duration": 4701,
              "state": "passed",
              "speed": "fast",
              "pass": true,
              "fail": false,
              "pending": false,
              "context": null,
              "code": "sh.type(data.product1);\nsh.clickSearch();\ncp.clickCPButton();\nsh.type(data.product2);\nsh.clickSearch();\ncp.clickCPButton();\ncp.clickComparisonLink();\n// refreshing the web page\ncy.reload();\n// verifying the comparison product details remain intact after refresing the web page\ncy.contains(data.product1).should('exist');\ncy.contains(data.product2).should('exist');",
              "err": {},
              "uuid": "d109fe50-7678-4210-88d4-cb0ee9208adf",
              "parentUUID": "e94b9896-c5aa-4667-9394-dcfe4eee6d1d",
              "isHook": false,
              "skipped": false
            }
          ],
          "suites": [],
          "passes": [
            "70c3ea83-7e18-4eba-ac22-117ead38290b",
            "dbd79732-b414-4831-b386-15ef1e493f70",
            "465af0e1-7486-4c3f-ae8b-edadf6c44b3e",
            "bb04d08f-d93a-4912-bea4-e7601bee2f2a",
            "d8035581-f707-40a3-a305-7c1c61ad0f80",
            "2cfea9fd-9c95-46f6-b537-da09816c8078",
            "21733aa0-3890-487b-ace1-0ada432778c9",
            "d109fe50-7678-4210-88d4-cb0ee9208adf"
          ],
          "failures": [],
          "pending": [],
          "skipped": [],
          "duration": 45018,
          "root": false,
          "rootEmpty": false,
          "_timeout": 2000
        },
        {
          "uuid": "f4c3bc2d-464a-4e8e-8b6d-42628b591c1c",
          "title": " Testing the product comapare functionlity for the guest user",
          "fullFile": "",
          "file": "",
          "beforeHooks": [],
          "afterHooks": [],
          "tests": [
            {
              "title": "adding , removing, and  add to cart from product comapare page without login or register",
              "fullTitle": " Testing the product comapare functionlity for the guest user adding , removing, and  add to cart from product comapare page without login or register",
              "timedOut": null,
              "duration": 10760,
              "state": "passed",
              "speed": "slow",
              "pass": true,
              "fail": false,
              "pending": false,
              "context": null,
              "code": "// launch the website on the browser\nhp.visit();\n// add multiple items to the copmare product\nhp.compareButtonMacBook();\nhp.compareButtonIphone();\nhp.compareButtonCanon();\n// assert the success message and the link should visible \ncp.cp_linkShould_visible();\n//click on the comparison link\ncp.clickComparisonLink();\n// verify that product comparison page is opening for the guest user\ncp.compare_page_visible();\ncy.wait(2000);\n// remove items from the list as a guest user\ncp.clickRemove();\ncp.clickRemove();\ncy.wait(4000);\n// add the product to cart this will take us to the product result page\ncp.ClickAddToCart();\ncy.wait(2000);\n// verify that the description of the product  is visible to the user \ncy.contains('Description').should('be.visible');",
              "err": {},
              "uuid": "0c8aa876-25cd-43fe-8452-2fd17ad9daff",
              "parentUUID": "f4c3bc2d-464a-4e8e-8b6d-42628b591c1c",
              "isHook": false,
              "skipped": false
            }
          ],
          "suites": [],
          "passes": [
            "0c8aa876-25cd-43fe-8452-2fd17ad9daff"
          ],
          "failures": [],
          "pending": [],
          "skipped": [],
          "duration": 10760,
          "root": false,
          "rootEmpty": false,
          "_timeout": 2000
        }
      ],
      "passes": [],
      "failures": [],
      "pending": [],
      "skipped": [],
      "duration": 0,
      "root": true,
      "rootEmpty": true,
      "_timeout": 2000
    }
  ],
  "meta": {
    "mocha": {
      "version": "7.0.1"
    },
    "mochawesome": {
      "options": {
        "quiet": false,
        "reportFilename": "mochawesome",
        "saveHtml": true,
        "saveJson": true,
        "consoleReporter": "spec",
        "useInlineDiffs": false,
        "code": true
      },
      "version": "7.1.3"
    },
    "marge": {
      "options": {
        "reportDir": "cypress/reports/mochawesome-report",
        "overwrite": false,
        "html": true,
        "json": true,
        "charts": true
      },
      "version": "6.2.0"
    }
  }
}