{
  "stats": {
    "suites": 3,
    "tests": 10,
    "passes": 9,
    "pending": 0,
    "failures": 1,
    "start": "2024-10-06T06:45:11.108Z",
    "end": "2024-10-06T06:46:34.372Z",
    "duration": 83264,
    "testsRegistered": 10,
    "passPercent": 90,
    "pendingPercent": 0,
    "other": 0,
    "hasOther": false,
    "skipped": 0,
    "hasSkipped": false
  },
  "results": [
    {
      "uuid": "47e9f33a-5fec-4fc5-a794-4ed33d07772d",
      "title": "",
      "fullFile": "cypress\\Integration\\end_to_end.js",
      "file": "cypress\\Integration\\end_to_end.js",
      "beforeHooks": [],
      "afterHooks": [],
      "tests": [],
      "suites": [
        {
          "uuid": "6854e61e-5931-441c-9db2-316a37ea8642",
          "title": "register an account and check product comparison",
          "fullFile": "",
          "file": "",
          "beforeHooks": [],
          "afterHooks": [],
          "tests": [
            {
              "title": "Verify Product Comparison Button on newly created account",
              "fullTitle": "register an account and check product comparison Verify Product Comparison Button on newly created account",
              "timedOut": null,
              "duration": 10772,
              "state": "passed",
              "speed": "slow",
              "pass": true,
              "fail": false,
              "pending": false,
              "context": null,
              "code": "sh.type('HP LP3065'); // type a available product in the search textbox field \nsh.clickSearch(); // click on the search icon\ncp.clickCPButton(); // after displaying the product click on the product comparison button\ncp.cp_linkShould_visible(); // asserting the added product to comparison message\ncp.clickComparisonLink(); // click on the comparison link\ncp.compare_page_visible(); // poduct comaparison page should be visible to the user\ncp.itemName_should_visible('HP LP3065'); // verifying the selected product is displayed under product comparison",
              "err": {},
              "uuid": "4ce68c87-a8c9-4711-9533-44b88029f701",
              "parentUUID": "6854e61e-5931-441c-9db2-316a37ea8642",
              "isHook": false,
              "skipped": false
            }
          ],
          "suites": [],
          "passes": [
            "4ce68c87-a8c9-4711-9533-44b88029f701"
          ],
          "failures": [],
          "pending": [],
          "skipped": [],
          "duration": 10772,
          "root": false,
          "rootEmpty": false,
          "_timeout": 2000
        },
        {
          "uuid": "de5e9ca6-9beb-4e00-b833-d0233b169f2d",
          "title": "product compare functionality testing on existing account",
          "fullFile": "",
          "file": "",
          "beforeHooks": [],
          "afterHooks": [],
          "tests": [
            {
              "title": "Verify \"Add to Cart\" and \"Remove\" Buttons After Adding Product to Comparison",
              "fullTitle": "product compare functionality testing on existing account Verify \"Add to Cart\" and \"Remove\" Buttons After Adding Product to Comparison",
              "timedOut": null,
              "duration": 3774,
              "state": "passed",
              "speed": "fast",
              "pass": true,
              "fail": false,
              "pending": false,
              "context": null,
              "code": "sh.type(data.product1); // enter the product data from fixture file \nsh.clickSearch(); // click on search button\ncp.clickCPButton(); // click on the comapare product button\ncp.cp_linkShould_visible(); // verify product comparison link should be visible\ncp.clickComparisonLink(); //  click on the link\ncp.compare_page_visible(); // comparison page should be visible\ncp.itemName_should_visible(data.product1); // assert the product is visible and added to the comparison table\ncp.addToCart_should_visible(); // assert the add to cart button is visible\ncp.remove_should_visible(); // asser the remove button is visible",
              "err": {},
              "uuid": "3c30b7c9-272b-431b-8a64-3f5f5c76ea64",
              "parentUUID": "de5e9ca6-9beb-4e00-b833-d0233b169f2d",
              "isHook": false,
              "skipped": false
            },
            {
              "title": "Verify Adding Multiple Products to the Comparison",
              "fullTitle": "product compare functionality testing on existing account Verify Adding Multiple Products to the Comparison",
              "timedOut": null,
              "duration": 5133,
              "state": "passed",
              "speed": "medium",
              "pass": true,
              "fail": false,
              "pending": false,
              "context": null,
              "code": "sh.type(data.product1);\nsh.clickSearch();\ncp.clickCPButton();\nsh.type(data.product2);\nsh.clickSearch();\ncp.clickCPButton();\ncp.clickComparisonLink();\n// verify that multiple product is visible to the user in the comparison table\ncp.itemName_should_visible(data.product1);\ncp.itemName_should_visible(data.product2);",
              "err": {},
              "uuid": "09a97332-e184-4b73-a554-bf6602df8558",
              "parentUUID": "de5e9ca6-9beb-4e00-b833-d0233b169f2d",
              "isHook": false,
              "skipped": false
            },
            {
              "title": "Verify Removing a Product from the Comparison",
              "fullTitle": "product compare functionality testing on existing account Verify Removing a Product from the Comparison",
              "timedOut": null,
              "duration": 5657,
              "state": "passed",
              "speed": "medium",
              "pass": true,
              "fail": false,
              "pending": false,
              "context": null,
              "code": "sh.type(data.product1);\nsh.clickSearch();\ncp.clickCPButton();\nsh.type(data.product2);\nsh.clickSearch();\ncp.clickCPButton();\ncp.clickComparisonLink();\ncp.compare_page_visible();\n// remove one item from the comparison product table\ncp.clickRemove();\n// verifying that removed product is no more visible to the user\ncp.itemName_should_not_visible(data.product1);",
              "err": {},
              "uuid": "d039887b-68fc-4397-8e91-eed84fed35c4",
              "parentUUID": "de5e9ca6-9beb-4e00-b833-d0233b169f2d",
              "isHook": false,
              "skipped": false
            },
            {
              "title": " Verify Comparison List is Empty After Removing All Products",
              "fullTitle": "product compare functionality testing on existing account  Verify Comparison List is Empty After Removing All Products",
              "timedOut": null,
              "duration": 5348,
              "state": "passed",
              "speed": "medium",
              "pass": true,
              "fail": false,
              "pending": false,
              "context": null,
              "code": "sh.type(data.product1);\nsh.clickSearch();\ncp.clickCPButton();\nsh.type(data.product2);\nsh.clickSearch();\ncp.clickCPButton();\ncp.clickComparisonLink();\ncp.compare_page_visible();\ncp.clickRemove();\ncp.clickRemove();\ncy.contains('You have not chosen any products to compare.').should('be.visible');",
              "err": {},
              "uuid": "5eff6dd2-e962-4a7b-9aff-f8424761b92b",
              "parentUUID": "de5e9ca6-9beb-4e00-b833-d0233b169f2d",
              "isHook": false,
              "skipped": false
            },
            {
              "title": "verify after adding 4 product,when 5th product is added, 1st product is getting removed from the comparison list",
              "fullTitle": "product compare functionality testing on existing account verify after adding 4 product,when 5th product is added, 1st product is getting removed from the comparison list",
              "timedOut": null,
              "duration": 8337,
              "state": "passed",
              "speed": "medium",
              "pass": true,
              "fail": false,
              "pending": false,
              "context": null,
              "code": "sh.type(data.product1);\nsh.clickSearch();\ncp.clickCPButton();\nsh.type(data.product2);\nsh.clickSearch();\ncp.clickCPButton();\nsh.type(data.product3);\nsh.clickSearch();\ncp.clickCPButton();\nsh.type(data.product4); //  4 different product has been added to the comparison table\nsh.clickSearch();\ncp.clickCPButton();\nsh.type(data.product5); // add a 5th product to the table \nsh.clickSearch();\ncp.clickCPButton();\ncp.clickComparisonLink(); // click on the comaparison link \n// verify that the product which was added for the 1st time is no more visible to the user\ncp.itemName_should_not_visible(data.product1);",
              "err": {},
              "uuid": "df94ea53-7b1c-4eb4-b013-f16493d1cec7",
              "parentUUID": "de5e9ca6-9beb-4e00-b833-d0233b169f2d",
              "isHook": false,
              "skipped": false
            },
            {
              "title": "verify duplicate product addition to comparison",
              "fullTitle": "product compare functionality testing on existing account verify duplicate product addition to comparison",
              "timedOut": null,
              "duration": 5025,
              "state": "passed",
              "speed": "medium",
              "pass": true,
              "fail": false,
              "pending": false,
              "context": null,
              "code": "sh.type(data.product1);\nsh.clickSearch();\ncp.clickCPButton();\nsh.type(data.product1);\nsh.clickSearch();\ncp.clickCPButton(); // this will complete the process of adding duplicate items to the comparison table\ncp.clickComparisonLink();\n// verify that the table displaying the item for one time.\ncy.contains(data.product1).should('have.length', 1);",
              "err": {},
              "uuid": "99589cbb-bf09-4b99-b8cb-72d5a2ebe48a",
              "parentUUID": "de5e9ca6-9beb-4e00-b833-d0233b169f2d",
              "isHook": false,
              "skipped": false
            },
            {
              "title": "Verify Display of Product Attributes on Comparison Page",
              "fullTitle": "product compare functionality testing on existing account Verify Display of Product Attributes on Comparison Page",
              "timedOut": null,
              "duration": 5236,
              "state": "passed",
              "speed": "medium",
              "pass": true,
              "fail": false,
              "pending": false,
              "context": null,
              "code": "sh.type(data.product1);\nsh.clickSearch();\ncp.clickCPButton();\nsh.type(data.product2);\nsh.clickSearch();\ncp.clickCPButton();\ncp.clickComparisonLink();\n// itrarting thorough the comparison table\ncy.get('.table.table-bordered').within(() => {\n  // asserting that multiple product is displaying inside the table\n  cy.contains(data.product1).should('exist');\n  cy.contains(data.product2).should('exist');\n  // verifying three atrributes to have correct details\n  cy.contains('Price').next().should('contain.text', '$122.00');\n  cy.contains('Model').next().should('contain.text', 'Product 21');\n  cy.contains('Brand').next().should('contain.text', 'Hewlett-Packard');\n  // verifying the same attributes having correct details and showing side by side for the better viewingment of the user\n  cy.contains('Price').next().next().should('contain.text', '$123.20');\n  cy.contains('Model').next().next().should('contain.text', 'product 11');\n  cy.contains('Brand').next().next().should('contain.text', 'Apple');\n});",
              "err": {},
              "uuid": "db4ab6de-07d4-43c1-9e90-21753f831e13",
              "parentUUID": "de5e9ca6-9beb-4e00-b833-d0233b169f2d",
              "isHook": false,
              "skipped": false
            },
            {
              "title": "Verify Comparison After Page Refresh",
              "fullTitle": "product compare functionality testing on existing account Verify Comparison After Page Refresh",
              "timedOut": null,
              "duration": 5348,
              "state": "passed",
              "speed": "medium",
              "pass": true,
              "fail": false,
              "pending": false,
              "context": null,
              "code": "sh.type(data.product1);\nsh.clickSearch();\ncp.clickCPButton();\nsh.type(data.product2);\nsh.clickSearch();\ncp.clickCPButton();\ncp.clickComparisonLink();\n// refreshing the web page\ncy.reload();\n// verifying the comparison product details remain intact after refresing the web page\ncy.contains(data.product1).should('exist');\ncy.contains(data.product2).should('exist');",
              "err": {},
              "uuid": "f4488d4b-3442-404c-a579-7930db338deb",
              "parentUUID": "de5e9ca6-9beb-4e00-b833-d0233b169f2d",
              "isHook": false,
              "skipped": false
            }
          ],
          "suites": [],
          "passes": [
            "3c30b7c9-272b-431b-8a64-3f5f5c76ea64",
            "09a97332-e184-4b73-a554-bf6602df8558",
            "d039887b-68fc-4397-8e91-eed84fed35c4",
            "5eff6dd2-e962-4a7b-9aff-f8424761b92b",
            "df94ea53-7b1c-4eb4-b013-f16493d1cec7",
            "99589cbb-bf09-4b99-b8cb-72d5a2ebe48a",
            "db4ab6de-07d4-43c1-9e90-21753f831e13",
            "f4488d4b-3442-404c-a579-7930db338deb"
          ],
          "failures": [],
          "pending": [],
          "skipped": [],
          "duration": 43858,
          "root": false,
          "rootEmpty": false,
          "_timeout": 2000
        },
        {
          "uuid": "bf301a7e-c213-479c-8ac2-1181b55f68b3",
          "title": " Testing the product comapare functionlity for the guest user",
          "fullFile": "",
          "file": "",
          "beforeHooks": [],
          "afterHooks": [],
          "tests": [
            {
              "title": "adding , removing, and  add to cart from product comapare page without login or register",
              "fullTitle": " Testing the product comapare functionlity for the guest user adding , removing, and  add to cart from product comapare page without login or register",
              "timedOut": null,
              "duration": 15587,
              "state": "failed",
              "speed": null,
              "pass": false,
              "fail": true,
              "pending": false,
              "context": null,
              "code": "// launch the website on the browser\nhp.visit();\n// add multiple items to the copmare product\nhp.compareButtonMacBook();\nhp.compareButtonIphone();\nhp.compareButtonCanon();\n// assert the success message and the link should visible \ncp.cp_linkShould_visible();\n//click on the comparison link\ncp.clickComparisonLink();\n// verify that product comparison page is opening for the guest user\ncp.compare_page_visible();\ncy.wait(2000);\n// remove items from the list as a guest user\ncp.clickRemove();\ncp.clickRemove();\ncy.wait(4000);\n// add the product to cart this will take us to the product result page\ncp.ClickAddToCart();\ncy.wait(2000);\n// verify that the description of the product  is visible to the user \ncy.contains('Description').should('be.visible');",
              "err": {
                "message": "AssertionError: Timed out retrying after 4000ms: Expected to find content: 'Description' but never did.",
                "estack": "AssertionError: Timed out retrying after 4000ms: Expected to find content: 'Description' but never did.\n    at Context.eval (webpack://constructweek_b39_cypress/./cypress/Integration/end_to_end.js:269:35)",
                "diff": null
              },
              "uuid": "5bf6d213-74fa-424f-8401-bb7782f3f832",
              "parentUUID": "bf301a7e-c213-479c-8ac2-1181b55f68b3",
              "isHook": false,
              "skipped": false
            }
          ],
          "suites": [],
          "passes": [],
          "failures": [
            "5bf6d213-74fa-424f-8401-bb7782f3f832"
          ],
          "pending": [],
          "skipped": [],
          "duration": 15587,
          "root": false,
          "rootEmpty": false,
          "_timeout": 2000
        }
      ],
      "passes": [],
      "failures": [],
      "pending": [],
      "skipped": [],
      "duration": 0,
      "root": true,
      "rootEmpty": true,
      "_timeout": 2000
    }
  ],
  "meta": {
    "mocha": {
      "version": "7.0.1"
    },
    "mochawesome": {
      "options": {
        "quiet": false,
        "reportFilename": "mochawesome",
        "saveHtml": true,
        "saveJson": true,
        "consoleReporter": "spec",
        "useInlineDiffs": false,
        "code": true
      },
      "version": "7.1.3"
    },
    "marge": {
      "options": {
        "reportDir": "cypress/reports/mochawesome-report",
        "overwrite": false,
        "html": true,
        "json": true,
        "charts": true
      },
      "version": "6.2.0"
    }
  }
}